
Copyright (C) 1994-2018 Synopsys, Inc.
This Synopsys software and all associated documentation are proprietary to Synopsys, Inc.
and may only be used pursuant to the terms and conditions of a written license agreement
with Synopsys, Inc. All other use, reproduction, modification, or distribution of the
Synopsys software or the associated documentation is strictly prohibited.
Tool: Synplify Pro (R)
Build: N-2018.03LR-SP1
Install: C:\lscc\radiant\1.1\synpbase
OS: Windows 6.2

Hostname: DESKTOP-NBKQPIB

Implementation : impl_1

# Written on Sun Feb  9 12:42:43 2020

##### DESIGN INFO #######################################################

Top View:                "lsc_ml_ice40_himax_humandet_top"
Constraint File(s):      (none)




##### SUMMARY ############################################################

Found 0 issues in 0 out of 0 constraints


##### DETAILS ############################################################



Clock Relationships
*******************

Starting                                                   Ending                                                     |     rise to rise     |     fall to fall     |     rise to fall     |     fall to rise                     
---------------------------------------------------------------------------------------------------------------------------------------------------------------------------------------------------------------------------------
System                                                     System                                                     |     2.760            |     No paths         |     No paths         |     No paths                         
System                                                     lsc_ml_ice40_himax_humandet_top|oclk_in_inferred_clock     |     10.210           |     No paths         |     No paths         |     No paths                         
System                                                     lsc_ml_ice40_himax_humandet_top|cam_pclk                   |     9.549            |     No paths         |     No paths         |     No paths                         
lsc_ml_ice40_himax_humandet_top|oclk_in_inferred_clock     System                                                     |     10.210           |     No paths         |     No paths         |     No paths                         
lsc_ml_ice40_himax_humandet_top|oclk_in_inferred_clock     lsc_ml_ice40_himax_humandet_top|oclk_in_inferred_clock     |     10.210           |     No paths         |     No paths         |     No paths                         
lsc_ml_ice40_himax_humandet_top|oclk_in_inferred_clock     lsc_ml_ice40_himax_humandet_top|cam_pclk                   |     Diff grp         |     No paths         |     No paths         |     No paths                         
lsc_ml_ice40_himax_humandet_top|cam_pclk                   lsc_ml_ice40_himax_humandet_top|oclk_in_inferred_clock     |     Diff grp         |     No paths         |     No paths         |     No paths                         
lsc_ml_ice40_himax_humandet_top|cam_pclk                   lsc_ml_ice40_himax_humandet_top|cam_pclk                   |     9.549            |     No paths         |     No paths         |     No paths                         
=================================================================================================================================================================================================================================
 Note: 'No paths' indicates there are no paths in the design for that pair of clock edges.
       'Diff grp' indicates that paths exist but the starting clock and ending clock are in different clock groups.


Unconstrained Start/End Points
******************************

p:BLUn
p:GRNn
p:REDn
p:cam_data[0]
p:cam_data[1]
p:cam_data[2]
p:cam_data[3]
p:cam_hsync
p:cam_scl
p:cam_sda (bidir end point)
p:cam_sda (bidir start point)
p:cam_trig
p:cam_vsync
p:debug_scl
p:debug_sda
p:host_intr
p:host_miso
p:host_mosi
p:host_sck
p:host_ssn
p:i2s_dat
p:i2s_sck
p:i2s_ws
p:imager_ssn
p:imu_intr
p:mem_sio2
p:mem_sio3
p:sensor_miso
p:spi_clk (bidir end point)
p:spi_clk (bidir start point)
p:spi_css
p:spi_miso
p:spi_mosi
p:sram_ssn
p:uart_rxd
p:uart_txd


Inapplicable constraints
************************

(none)


Applicable constraints with issues
**********************************

(none)


Constraints with matching wildcard expressions
**********************************************

(none)


Library Report
**************


# End of Constraint Checker Report
